[web.archive.org/web/20191020174601/http_/richlegacy.com/index.html]
[archive.org/includes/analytics2a5b.js]
[web.archive.org/_static/js/playback.bundle2a46.js]
[web.archive.org/_static/css/banner-styles7a0e.css]
[backblue.gif]
[fade.gif]
[index.html]
[web.archive.org/_static/css/iconochive8307.css]
[web.archive.org/_static/js/wombat1b09.js]
[web.archive.org/web/20181207030601cs_/http_/richlegacy.com/wp-content/plugins/contact-form-7/includes/css/styles972f.css]
[web.archive.org/web/20181201144127cs_/http_/richlegacy.com/wp-content/plugins/optin-forms/css/optinformsf341.css]
[web.archive.org/web/20191020180945cs_/https_/checkout.stripe.com/v3/checkout/button.css]
[web.archive.org/web/20181204194846cs_/http_/richlegacy.com/wp-content/plugins/stripe/assets/css/public.minffdc.css]
[web.archive.org/web/20181202095413cs_/http_/richlegacy.com/wp-content/themes/Avada/assets/css/style.mind03b.css]
[web.archive.org/web/20181202081948cs_/http_/richlegacy.com/wp-content/plugins/stripe/includes/old/assets/css/shared-public-main.minaff7.css]
[web.archive.org/web/20191020174601cs_/http_/richlegacy.com/wp-content/uploads/fusion-styles/fusion-8.mindb1e.css]
[web.archive.org/web/20181205025858js_/http_/richlegacy.com/wp-includes/js/jquery/jqueryb8ff.js]
[web.archive.org/web/20181201232436js_/http_/richlegacy.com/wp-includes/js/jquery/jquery-migrate.min330a.js]
[web.archive.org/web/20181201144124js_/http_/richlegacy.com/wp-content/plugins/optin-forms/js/placeholderf341.js]
[web.archive.org/web/20181203135935js_/http_/richlegacy.com/wp-content/plugins/pixelyoursite/js/public9a8d.js]
[web.archive.org/web/20191020174601/https_/www.google-analytics.com/analytics.js]
[web.archive.org/web/20181227095840im_/http_/richlegacy.com/wp-content/uploads/2016/12/Rich-Legacy-Logo.png]
[web.archive.org/web/20181204194842im_/http_/richlegacy.com/wp-content/uploads/2016/11/cropped-Rich-Legacy-Blue-Navy-1-1-1-32x32.png]
[web.archive.org/web/20181204080431im_/http_/richlegacy.com/wp-content/uploads/2016/11/cropped-Rich-Legacy-Blue-Navy-1-1-1-192x192.png]
[web.archive.org/web/20181201222446im_/http_/richlegacy.com/wp-content/uploads/2016/11/cropped-Rich-Legacy-Blue-Navy-1-1-1-180x180.png]
[web.archive.org/_static/images/toolbar/wayback-toolbar-logo-200.png]
[web.archive.org/_static/images/toolbar/wm_tb_prv_on.png]
[web.archive.org/_static/images/toolbar/wm_tb_nxt_on.png]
[web.archive.org/_static/images/loading.gif]
[web.archive.org/web/20181201232439im_/http_/richlegacy.com/wp-content/uploads/2017/10/Rich-Legacy-Blue-Navy-1-aaa.png]
[web.archive.org/web/20190103011216im_/http_/richlegacy.com/wp-content/uploads/2017/01/img-_09.png]
[web.archive.org/web/20190106054140im_/http_/richlegacy.com/wp-content/uploads/2017/01/img-_05-2.png]
[web.archive.org/web/20190102194701im_/http_/richlegacy.com/wp-content/uploads/2016/12/img7.jpg]
[web.archive.org/web/20181229212405im_/http_/richlegacy.com/wp-content/uploads/2017/01/img-_10-1.png]
[web.archive.org/web/20181201130427im_/http_/richlegacy.com/wp-content/uploads/2017/09/kind.jpg]
[web.archive.org/web/20181202023602im_/http_/richlegacy.com/wp-content/uploads/2015/03/people-mother-family-father_new-1.jpg]
[web.archive.org/web/20191020174601/http_/richlegacy.com/_http_/web.archive.org/web/20191020174601im_/http_/richlegacy.com/wp-content/uploads/2015/03/White-Background-e1503089869834.jpg_]
[web.archive.org/web/20191020174601/http_/richlegacy.com/_http_/web.archive.org/web/20191020174601im_/http_/richlegacy.com/wp-content/uploads/2015/03/children-running-on-meadow-at-sunset-e15030894653]
[web.archive.org/web/20181227043654im_/http_/richlegacy.com/wp-content/uploads/2017/01/Sam.png]
[web.archive.org/web/20190103133558im_/http_/richlegacy.com/wp-content/uploads/2017/02/pdf.png]
[web.archive.org/web/20190109053317im_/http_/richlegacy.com/wp-content/uploads/2017/01/Events.png]
[web.archive.org/web/20181223091037im_/http_/richlegacy.com/wp-content/uploads/2017/01/Family.png]
[web.archive.org/web/20181227050730im_/http_/richlegacy.com/wp-content/uploads/2017/01/tools.png]
[web.archive.org/web/20190109180041im_/http_/richlegacy.com/wp-content/uploads/2017/01/knowledge.png]
[web.archive.org/web/20181205000842im_/http_/richlegacy.com/wp-content/uploads/2017/12/4929686071_970be30b8d_o-700x441.png]
[web.archive.org/web/20181202095409im_/http_/richlegacy.com/wp-content/uploads/2017/12/5077802741_eef186ffa7_o-1.jpg]
[web.archive.org/web/20181202081951im_/http_/richlegacy.com/wp-content/uploads/2017/09/Parent-Of-The-Year-700x441.jpg]
[web.archive.org/web/20181207030557im_/http_/richlegacy.com/wp-content/uploads/2017/09/Help-700x441.jpg]
[web.archive.org/web/20181202132117im_/http_/richlegacy.com/wp-content/uploads/2017/09/Best-700x441.jpg]
[web.archive.org/web/20181205072003im_/http_/richlegacy.com/wp-content/uploads/2017/09/empower-700x441.jpg]
[web.archive.org/web/20181206050000js_/http_/richlegacy.com/wp-content/plugins/activecampaign-subscription-forms/site_tracking1845.js]
[web.archive.org/web/20181204194839js_/http_/richlegacy.com/wp-content/plugins/contact-form-7/includes/js/scripts972f.js]
[web.archive.org/web/20181204040602js_/http_/richlegacy.com/wp-content/plugins/stripe/assets/js/vendor/jquery.validate.minffdc.js]
[web.archive.org/web/20181206095556js_/http_/richlegacy.com/wp-content/plugins/stripe/assets/js/vendor/accounting.minffdc.js]
[web.archive.org/web/20191020175808js_/https_/checkout.stripe.com/checkout.js]
[web.archive.org/web/20181203120003js_/http_/richlegacy.com/wp-content/plugins/stripe/assets/js/shared.minffdc.js]
[web.archive.org/web/20181204142447js_/http_/richlegacy.com/wp-content/plugins/stripe/assets/js/public.minffdc.js]
[web.archive.org/web/20191020174601/http_/richlegacy.com/index.html]
[web.archive.org/web/20181204092734js_/http_/richlegacy.com/wp-includes/js/wp-embed.min1845.js]
[analytics.archive.org/0.gif]
[archive.org/includes/analytics2a5b.js]
[web.archive.org/_static/css/banner-styles7a0e.css]
[web.archive.org/_static/css/iconochive8307.css]
[web.archive.org/web/20191020174601/http_/richlegacy.com/feed/index.html]
[web.archive.org/web/20191020174601/http_/richlegacy.com/comments/feed/index.html]
[web.archive.org/_static/css/record.css]
[web.archive.org/web/20181117081354im_/http_/richlegacy.com/wp-content/plugins/contact-form-7/images/ajax-loader.gif]
[web.archive.org/web/20181207030601cs_/http_/richlegacy.com/wp-content/plugins/contact-form-7/includes/css/styles972f.css]
[web.archive.org/web/20181117085248im_/http_/richlegacy.com/wp-content/plugins/optin-forms/images/icon-user-01.png]
[web.archive.org/web/20181117112151im_/http_/richlegacy.com/wp-content/plugins/optin-forms/images/icon-email-01.png]
[web.archive.org/web/20181205103345js_/http_/richlegacy.com/wp-content/uploads/fusion-scripts/b146f48e4df290b4439d5e011d8001d3.minf28c.js]
[web.archive.org/web/20181117074232im_/http_/richlegacy.com/wp-content/plugins/optin-forms/images/form3-border-top.gif]
[web.archive.org/web/20181201144127cs_/http_/richlegacy.com/wp-content/plugins/optin-forms/css/optinformsf341.css]
[web.archive.org/web/20191020180945cs_/https_/checkout.stripe.com/v3/checkout/button.css]
[web.archive.org/web/20181204194846cs_/http_/richlegacy.com/wp-content/plugins/stripe/assets/css/public.minffdc.css]
[web.archive.org/web/20181117143531im_/http_/richlegacy.com/wp-content/themes/Avada/assets/images/shadow-top.png]
[web.archive.org/web/20181202095413cs_/http_/richlegacy.com/wp-content/themes/Avada/assets/css/style.mind03b.css]
[web.archive.org/web/20181201155608cs_/http_/richlegacy.com/wp-content/themes/Avada-Child-Theme/style1845.css]
[web.archive.org/web/20181202081948cs_/http_/richlegacy.com/wp-content/plugins/stripe/includes/old/assets/css/shared-public-main.minaff7.css]
[web.archive.org/web/20191020174601cs_/http_/richlegacy.com/wp-content/uploads/fusion-styles/fusion-8.mindb1e.html]
[web.archive.org/web/20191020174601/http_/richlegacy.com/POST]
[web.archive.org/web/20191020174557/https_/connect.facebook.net/en_US/fbevents.js]
[web.archive.org/web/20191020174601/http_/richlegacy.com/about/index.html]
[web.archive.org/web/20191020174601/http_/richlegacy.com/advisory-board/index.html]
[web.archive.org/web/20191020174601/http_/richlegacy.com/media/index.html]
[web.archive.org/web/20191020174601/http_/richlegacy.com/tools/index.html]
[web.archive.org/web/20191020174601/http_/richlegacy.com/services/index.html]
[web.archive.org/web/20191020174601/http_/richlegacy.com/knowledge/index.html]
[web.archive.org/web/20191020174601/http_/richlegacy.com/contact-us/index.html]
[web.archive.org/web/20191020174601/http_/richlegacy.com/author/admin/index.html]
[web.archive.org/web/20191020174601/http_/richlegacy.com/family-story/index.html]
[web.archive.org/web/20191020174601/http_/richlegacy.com/_http_/web.archive.org/web/20191020174601im_/http_/richlegacy.com/wp-content/uploads/2015/03/children-running-on-meadow-at-sunset-e15030894653]
[web.archive.org/web/20191020174601/http_/richlegacy.com/_http_/web.archive.org/web/20191020174601im_/http_/richlegacy.com/wp-content/uploads/2015/03/White-Background-e1503089869834.html]
[web.archive.org/web/20191020174601/http_/richlegacy.com/learning-how-to-parent-a-child-with-special-needs-is-just-the-beginning-nurturing-a-special-needs-family/index.html]
[web.archive.org/web/20191020174601/http_/richlegacy.com/10-powerful-father-son-activities-classic-and-modern-ways-to-build-bond-and-explore-the-world-with-your-son/index.html]
[web.archive.org/web/20191020174601/http_/richlegacy.com/parent-year-5-reasons-mantra-will-make-parenting-worth-celebrating/index.html]
[web.archive.org/web/20191020174601/http_/richlegacy.com/parents-make-everyday-take-kid-work-day/index.html]
[web.archive.org/web/20191020174601/http_/richlegacy.com/best-parents-choose-quality-quantity/index.html]
[web.archive.org/web/20191020174601/http_/richlegacy.com/empowerment-mastered-number-one-important-skill-parents-need-empower-children/index.html]
[web.archive.org/web/20191020174601/http_/richlegacy.com/events/index.html]
[web.archive.org/web/20191020174601/http_/richlegacy.com/family-academy/index.html]
[web.archive.org/_static/css/record.css]
[web.archive.org/web/20191020174601/http_/richlegacy.com/POST.html]
[yourrichlegacy.com/wp-content/uploads/2017/01/img-_09.png]
[yourrichlegacy.com/wp-content/uploads/2017/01/img-_05-2.png]
[yourrichlegacy.com/wp-content/uploads/2016/12/img7.jpg]
[yourrichlegacy.com/wp-content/uploads/2017/01/img-_10-1.png]
